<?xml version="1.0" encoding="UTF-8"?>
<coverage generated="1709692350712" clover="3.2.0">
  <project timestamp="1709692350712" name="All files">
    <metrics statements="26" coveredstatements="26" conditionals="7" coveredconditionals="7" methods="8" coveredmethods="8" elements="41" coveredelements="41" complexity="0" loc="26" ncloc="26" packages="1" files="1" classes="1"/>
    <file name="12_linked_list_youtube.js" path="/Users/softmaker/Documents/WebDeveloping/CodeDojo/ES6/algs_and_structures/linked-list-youtube/12_linked_list_youtube.js">
      <metrics statements="26" coveredstatements="26" conditionals="7" coveredconditionals="7" methods="8" coveredmethods="8"/>
      <line num="6" count="11" type="stmt"/>
      <line num="7" count="11" type="stmt"/>
      <line num="11" count="11" type="stmt"/>
      <line num="17" count="3" type="stmt"/>
      <line num="18" count="3" type="stmt"/>
      <line num="22" count="9" type="stmt"/>
      <line num="24" count="9" type="cond" truecount="4" falsecount="0"/>
      <line num="25" count="2" type="stmt"/>
      <line num="26" count="2" type="stmt"/>
      <line num="28" count="2" type="stmt"/>
      <line num="31" count="7" type="stmt"/>
      <line num="32" count="7" type="stmt"/>
      <line num="34" count="7" type="stmt"/>
      <line num="38" count="2" type="stmt"/>
      <line num="40" count="2" type="stmt"/>
      <line num="42" count="2" type="cond" truecount="2" falsecount="0"/>
      <line num="43" count="1" type="stmt"/>
      <line num="46" count="2" type="stmt"/>
      <line num="50" count="3" type="stmt"/>
      <line num="52" count="3" type="stmt"/>
      <line num="54" count="3" type="stmt"/>
      <line num="55" count="11" type="stmt"/>
      <line num="56" count="11" type="stmt"/>
      <line num="59" count="3" type="stmt"/>
      <line num="63" count="11" type="stmt"/>
      <line num="68" count="1" type="stmt"/>
    </file>
  </project>
</coverage>
