{"/Users/softmaker/Documents/WebDeveloping/CodeDojo/ES6/algs_and_structures/linked-list-youtube/12_linked_list_youtube.js": {"path":"/Users/softmaker/Documents/WebDeveloping/CodeDojo/ES6/algs_and_structures/linked-list-youtube/12_linked_list_youtube.js","statementMap":{"0":{"start":{"line":6,"column":8},"end":{"line":6,"column":27}},"1":{"start":{"line":7,"column":8},"end":{"line":7,"column":25}},"2":{"start":{"line":11,"column":8},"end":{"line":11,"column":31}},"3":{"start":{"line":17,"column":8},"end":{"line":17,"column":25}},"4":{"start":{"line":18,"column":8},"end":{"line":18,"column":25}},"5":{"start":{"line":22,"column":24},"end":{"line":22,"column":49}},"6":{"start":{"line":24,"column":8},"end":{"line":29,"column":9}},"7":{"start":{"line":25,"column":12},"end":{"line":25,"column":32}},"8":{"start":{"line":26,"column":12},"end":{"line":26,"column":32}},"9":{"start":{"line":28,"column":12},"end":{"line":28,"column":24}},"10":{"start":{"line":31,"column":8},"end":{"line":31,"column":33}},"11":{"start":{"line":32,"column":8},"end":{"line":32,"column":28}},"12":{"start":{"line":34,"column":8},"end":{"line":34,"column":20}},"13":{"start":{"line":38,"column":22},"end":{"line":38,"column":24}},"14":{"start":{"line":40,"column":19},"end":{"line":40,"column":28}},"15":{"start":{"line":42,"column":8},"end":{"line":45,"column":9}},"16":{"start":{"line":43,"column":12},"end":{"line":43,"column":29}},"17":{"start":{"line":44,"column":12},"end":{"line":44,"column":29}},"18":{"start":{"line":47,"column":8},"end":{"line":47,"column":21}},"19":{"start":{"line":51,"column":8},"end":{"line":51,"column":70}},"20":{"start":{"line":51,"column":42},"end":{"line":51,"column":57}},"21":{"start":{"line":56,"column":0},"end":{"line":56,"column":32}}},"fnMap":{"0":{"name":"(anonymous_0)","decl":{"start":{"line":5,"column":4},"end":{"line":5,"column":5}},"loc":{"start":{"line":5,"column":36},"end":{"line":8,"column":5}},"line":5},"1":{"name":"(anonymous_1)","decl":{"start":{"line":10,"column":4},"end":{"line":10,"column":5}},"loc":{"start":{"line":10,"column":15},"end":{"line":12,"column":5}},"line":10},"2":{"name":"(anonymous_2)","decl":{"start":{"line":16,"column":4},"end":{"line":16,"column":5}},"loc":{"start":{"line":16,"column":18},"end":{"line":19,"column":5}},"line":16},"3":{"name":"(anonymous_3)","decl":{"start":{"line":21,"column":4},"end":{"line":21,"column":5}},"loc":{"start":{"line":21,"column":18},"end":{"line":35,"column":5}},"line":21},"4":{"name":"(anonymous_4)","decl":{"start":{"line":37,"column":4},"end":{"line":37,"column":5}},"loc":{"start":{"line":37,"column":14},"end":{"line":48,"column":5}},"line":37},"5":{"name":"(anonymous_5)","decl":{"start":{"line":50,"column":4},"end":{"line":50,"column":5}},"loc":{"start":{"line":50,"column":15},"end":{"line":52,"column":5}},"line":50},"6":{"name":"(anonymous_6)","decl":{"start":{"line":51,"column":34},"end":{"line":51,"column":35}},"loc":{"start":{"line":51,"column":42},"end":{"line":51,"column":57}},"line":51}},"branchMap":{"0":{"loc":{"start":{"line":5,"column":23},"end":{"line":5,"column":34}},"type":"default-arg","locations":[{"start":{"line":5,"column":30},"end":{"line":5,"column":34}}],"line":5},"1":{"loc":{"start":{"line":24,"column":8},"end":{"line":29,"column":9}},"type":"if","locations":[{"start":{"line":24,"column":8},"end":{"line":29,"column":9}},{"start":{},"end":{}}],"line":24},"2":{"loc":{"start":{"line":24,"column":12},"end":{"line":24,"column":36}},"type":"binary-expr","locations":[{"start":{"line":24,"column":12},"end":{"line":24,"column":22}},{"start":{"line":24,"column":26},"end":{"line":24,"column":36}}],"line":24}},"s":{"0":5,"1":5,"2":5,"3":1,"4":1,"5":5,"6":5,"7":1,"8":1,"9":1,"10":4,"11":4,"12":4,"13":1,"14":1,"15":1,"16":5,"17":5,"18":1,"19":1,"20":5,"21":1},"f":{"0":5,"1":5,"2":1,"3":5,"4":1,"5":1,"6":5},"b":{"0":[5],"1":[1,4],"2":[5,4]},"_coverageSchema":"1a1c01bbd47fc00a2c39e90264f33305004495a9","hash":"2d99fd64aacb45ec1d49e285177d649e07e7332c"}
}
