TN:
SF:12_linked_list_youtube.js
FN:5,(anonymous_0)
FN:10,(anonymous_1)
FN:16,(anonymous_2)
FN:21,(anonymous_3)
FN:37,(anonymous_4)
FN:49,(anonymous_5)
FN:62,(anonymous_6)
FN:63,(anonymous_7)
FNF:8
FNH:8
FNDA:10,(anonymous_0)
FNDA:10,(anonymous_1)
FNDA:2,(anonymous_2)
FNDA:9,(anonymous_3)
FNDA:1,(anonymous_4)
FNDA:2,(anonymous_5)
FNDA:2,(anonymous_6)
FNDA:10,(anonymous_7)
DA:6,10
DA:7,10
DA:11,10
DA:17,2
DA:18,2
DA:22,9
DA:24,9
DA:25,2
DA:26,2
DA:28,2
DA:31,7
DA:32,7
DA:34,7
DA:38,1
DA:40,1
DA:42,1
DA:43,0
DA:46,1
DA:50,2
DA:52,2
DA:54,2
DA:55,10
DA:56,10
DA:59,2
DA:63,10
DA:68,1
LF:26
LH:25
BRDA:5,0,0,9
BRDA:24,1,0,2
BRDA:24,1,1,7
BRDA:24,2,0,9
BRDA:24,2,1,7
BRDA:42,3,0,0
BRDA:42,3,1,1
BRF:7
BRH:6
end_of_record
