TN:
SF:12_linked_list_youtube.js
FN:5,(anonymous_0)
FN:10,(anonymous_1)
FN:16,(anonymous_2)
FN:21,(anonymous_3)
FN:37,(anonymous_4)
FN:49,(anonymous_5)
FN:62,(anonymous_6)
FN:63,(anonymous_7)
FNF:8
FNH:8
FNDA:11,(anonymous_0)
FNDA:11,(anonymous_1)
FNDA:3,(anonymous_2)
FNDA:9,(anonymous_3)
FNDA:2,(anonymous_4)
FNDA:3,(anonymous_5)
FNDA:3,(anonymous_6)
FNDA:11,(anonymous_7)
DA:6,11
DA:7,11
DA:11,11
DA:17,3
DA:18,3
DA:22,9
DA:24,9
DA:25,2
DA:26,2
DA:28,2
DA:31,7
DA:32,7
DA:34,7
DA:38,2
DA:40,2
DA:42,2
DA:43,1
DA:46,2
DA:50,3
DA:52,3
DA:54,3
DA:55,11
DA:56,11
DA:59,3
DA:63,11
DA:68,1
LF:26
LH:26
BRDA:5,0,0,9
BRDA:24,1,0,2
BRDA:24,1,1,7
BRDA:24,2,0,9
BRDA:24,2,1,7
BRDA:42,3,0,1
BRDA:42,3,1,1
BRF:7
BRH:7
end_of_record
